version;104
config;D:\KlocworkDEMO\cppcheck-master\cligcc;-DMSC_BUILD=0;-ID:\KlocworkDEMO\cppcheck-master\cli;-ID:\KlocworkDEMO\cppcheck-master\cli\temp;-ID:\KlocworkDEMO\cppcheck-master\cli\temp\Debug_Win32;-ID:\KlocworkDEMO\cppcheck-master\cli\temp\Debug_Win32\cli.tlog;-ID:\KlocworkDEMO\cppcheck-master\cli\temp\Debug_x64;-ID:\KlocworkDEMO\cppcheck-master\lib;-ID:\KlocworkDEMO\cppcheck-master\lib\temp;-ID:\KlocworkDEMO\cppcheck-master\lib\temp\Debug_Win32;-ID:\KlocworkDEMO\cppcheck-master\lib\temp\Debug_Win32\cppcheck.tlog;-ID:\KlocworkDEMO\cppcheck-master\lib\temp\Debug_x64;-ID:\KlocworkDEMO\cppcheck-master\test;-ID:\KlocworkDEMO\cppcheck-master\test\cfg;-ID:\KlocworkDEMO\cppcheck-master\test\cli;-ID:\KlocworkDEMO\cppcheck-master\test\cli\helloworld;-ID:\KlocworkDEMO\cppcheck-master\test\cli\proj-inline-suppress;-ID:\KlocworkDEMO\cppcheck-master\test\cli\proj-suppress-syntaxError;-ID:\KlocworkDEMO\cppcheck-master\test\cli\proj2;-ID:\KlocworkDEMO\cppcheck-master\test\cli\proj2\a;-ID:\KlocworkDEMO\cppcheck-master\test\cli\proj2\b;-ID:\KlocworkDEMO\cppcheck-master\test\synthetic;-ID:\KlocworkDEMO\cppcheck-master\test\temp;-ID:\KlocworkDEMO\cppcheck-master\test\temp\Debug_Win32;-ID:\KlocworkDEMO\cppcheck-master\test\temp\Debug_Win32\testrunner.tlog;-ID:\KlocworkDEMO\cppcheck-master\test\temp\Debug_x64;-ID:\KlocworkDEMO\cppcheck-master\test\testsuites;-ID:\KlocworkDEMO\cppcheck-master\test\testsuites\clang;-ID:\KlocworkDEMO\cppcheck-master\test\testsuites\duma;-ID:\KlocworkDEMO\cppcheck-master\test\verify;-JC:\Developing\Microsoft Visual Studio\2017\Enterprise\VC\Tools\MSVC\14.16.27023\include;-JC:\Developing\Microsoft Visual Studio\2017\Enterprise\VC\Tools\MSVC\14.16.27023\include\cliext;-JC:\Developing\Microsoft Visual Studio\2017\Enterprise\VC\Tools\MSVC\14.16.27023\include\CodeAnalysis;-JC:\Developing\Microsoft Visual Studio\2017\Enterprise\VC\Tools\MSVC\14.16.27023\include\cvt;-JC:\Developing\Microsoft Visual Studio\2017\Enterprise\VC\Tools\MSVC\14.16.27023\include\experimental;-JC:\Developing\Microsoft Visual Studio\2017\Enterprise\VC\Tools\MSVC\14.16.27023\include\Manifest;-JC:\Developing\Microsoft Visual Studio\2017\Enterprise\VC\Tools\MSVC\14.16.27023\include\msclr;-JC:\Developing\Microsoft Visual Studio\2017\Enterprise\VC\Tools\MSVC\14.16.27023\include\msclr\com;-JC:\Developing\Microsoft Visual Studio\2017\Enterprise\VC\Tools\MSVC\14.16.27023\include\thr;
compile;D:\KlocworkDEMO\cppcheck-master\cli;D:\KlocworkDEMO\cppcheck-master\cligcc;cmdlineparser.cpp.o;cmdlineparser.cpp;
compile;D:\KlocworkDEMO\cppcheck-master\cli;D:\KlocworkDEMO\cppcheck-master\cligcc;cppcheckexecutor.cpp.o;cppcheckexecutor.cpp;
compile;D:\KlocworkDEMO\cppcheck-master\cli;D:\KlocworkDEMO\cppcheck-master\cligcc;filelister.cpp.o;filelister.cpp;
compile;D:\KlocworkDEMO\cppcheck-master\cli;D:\KlocworkDEMO\cppcheck-master\cligcc;main.cpp.o;main.cpp;
compile;D:\KlocworkDEMO\cppcheck-master\cli;D:\KlocworkDEMO\cppcheck-master\cligcc;threadexecutor.cpp.o;threadexecutor.cpp;
compile;D:\KlocworkDEMO\cppcheck-master\lib;D:\KlocworkDEMO\cppcheck-master\cligcc;analyzerinfo.cpp.o;analyzerinfo.cpp;
compile;D:\KlocworkDEMO\cppcheck-master\lib;D:\KlocworkDEMO\cppcheck-master\cligcc;astutils.cpp.o;astutils.cpp;
compile;D:\KlocworkDEMO\cppcheck-master\lib;D:\KlocworkDEMO\cppcheck-master\cligcc;check.cpp.o;check.cpp;
compile;D:\KlocworkDEMO\cppcheck-master\lib;D:\KlocworkDEMO\cppcheck-master\cligcc;check64bit.cpp.o;check64bit.cpp;
compile;D:\KlocworkDEMO\cppcheck-master\lib;D:\KlocworkDEMO\cppcheck-master\cligcc;checkassert.cpp.o;checkassert.cpp;
compile;D:\KlocworkDEMO\cppcheck-master\lib;D:\KlocworkDEMO\cppcheck-master\cligcc;checkautovariables.cpp.o;checkautovariables.cpp;
compile;D:\KlocworkDEMO\cppcheck-master\lib;D:\KlocworkDEMO\cppcheck-master\cligcc;checkbool.cpp.o;checkbool.cpp;
compile;D:\KlocworkDEMO\cppcheck-master\lib;D:\KlocworkDEMO\cppcheck-master\cligcc;checkboost.cpp.o;checkboost.cpp;
compile;D:\KlocworkDEMO\cppcheck-master\lib;D:\KlocworkDEMO\cppcheck-master\cligcc;checkbufferoverrun.cpp.o;checkbufferoverrun.cpp;
compile;D:\KlocworkDEMO\cppcheck-master\lib;D:\KlocworkDEMO\cppcheck-master\cligcc;checkclass.cpp.o;checkclass.cpp;
compile;D:\KlocworkDEMO\cppcheck-master\lib;D:\KlocworkDEMO\cppcheck-master\cligcc;checkcondition.cpp.o;checkcondition.cpp;
compile;D:\KlocworkDEMO\cppcheck-master\lib;D:\KlocworkDEMO\cppcheck-master\cligcc;checkexceptionsafety.cpp.o;checkexceptionsafety.cpp;
compile;D:\KlocworkDEMO\cppcheck-master\lib;D:\KlocworkDEMO\cppcheck-master\cligcc;checkfunctions.cpp.o;checkfunctions.cpp;
compile;D:\KlocworkDEMO\cppcheck-master\lib;D:\KlocworkDEMO\cppcheck-master\cligcc;checkinternal.cpp.o;checkinternal.cpp;
compile;D:\KlocworkDEMO\cppcheck-master\lib;D:\KlocworkDEMO\cppcheck-master\cligcc;checkio.cpp.o;checkio.cpp;
compile;D:\KlocworkDEMO\cppcheck-master\lib;D:\KlocworkDEMO\cppcheck-master\cligcc;checkleakautovar.cpp.o;checkleakautovar.cpp;
compile;D:\KlocworkDEMO\cppcheck-master\lib;D:\KlocworkDEMO\cppcheck-master\cligcc;checkmemoryleak.cpp.o;checkmemoryleak.cpp;
compile;D:\KlocworkDEMO\cppcheck-master\lib;D:\KlocworkDEMO\cppcheck-master\cligcc;checknullpointer.cpp.o;checknullpointer.cpp;
compile;D:\KlocworkDEMO\cppcheck-master\lib;D:\KlocworkDEMO\cppcheck-master\cligcc;checkother.cpp.o;checkother.cpp;
compile;D:\KlocworkDEMO\cppcheck-master\lib;D:\KlocworkDEMO\cppcheck-master\cligcc;checkpostfixoperator.cpp.o;checkpostfixoperator.cpp;
compile;D:\KlocworkDEMO\cppcheck-master\lib;D:\KlocworkDEMO\cppcheck-master\cligcc;checksizeof.cpp.o;checksizeof.cpp;
compile;D:\KlocworkDEMO\cppcheck-master\lib;D:\KlocworkDEMO\cppcheck-master\cligcc;checkstl.cpp.o;checkstl.cpp;
compile;D:\KlocworkDEMO\cppcheck-master\lib;D:\KlocworkDEMO\cppcheck-master\cligcc;checkstring.cpp.o;checkstring.cpp;
compile;D:\KlocworkDEMO\cppcheck-master\lib;D:\KlocworkDEMO\cppcheck-master\cligcc;checktype.cpp.o;checktype.cpp;
compile;D:\KlocworkDEMO\cppcheck-master\lib;D:\KlocworkDEMO\cppcheck-master\cligcc;checkuninitvar.cpp.o;checkuninitvar.cpp;
compile;D:\KlocworkDEMO\cppcheck-master\lib;D:\KlocworkDEMO\cppcheck-master\cligcc;checkunusedfunctions.cpp.o;checkunusedfunctions.cpp;
compile;D:\KlocworkDEMO\cppcheck-master\lib;D:\KlocworkDEMO\cppcheck-master\cligcc;checkunusedvar.cpp.o;checkunusedvar.cpp;
compile;D:\KlocworkDEMO\cppcheck-master\lib;D:\KlocworkDEMO\cppcheck-master\cligcc;checkvaarg.cpp.o;checkvaarg.cpp;
compile;D:\KlocworkDEMO\cppcheck-master\lib;D:\KlocworkDEMO\cppcheck-master\cligcc;cppcheck.cpp.o;cppcheck.cpp;
compile;D:\KlocworkDEMO\cppcheck-master\lib;D:\KlocworkDEMO\cppcheck-master\cligcc;ctu.cpp.o;ctu.cpp;
compile;D:\KlocworkDEMO\cppcheck-master\lib;D:\KlocworkDEMO\cppcheck-master\cligcc;errorlogger.cpp.o;errorlogger.cpp;
compile;D:\KlocworkDEMO\cppcheck-master\lib;D:\KlocworkDEMO\cppcheck-master\cligcc;exprengine.cpp.o;exprengine.cpp;
compile;D:\KlocworkDEMO\cppcheck-master\lib;D:\KlocworkDEMO\cppcheck-master\cligcc;importproject.cpp.o;importproject.cpp;
compile;D:\KlocworkDEMO\cppcheck-master\lib;D:\KlocworkDEMO\cppcheck-master\cligcc;library.cpp.o;library.cpp;
compile;D:\KlocworkDEMO\cppcheck-master\lib;D:\KlocworkDEMO\cppcheck-master\cligcc;mathlib.cpp.o;mathlib.cpp;
compile;D:\KlocworkDEMO\cppcheck-master\lib;D:\KlocworkDEMO\cppcheck-master\cligcc;path.cpp.o;path.cpp;
compile;D:\KlocworkDEMO\cppcheck-master\lib;D:\KlocworkDEMO\cppcheck-master\cligcc;pathanalysis.cpp.o;pathanalysis.cpp;
compile;D:\KlocworkDEMO\cppcheck-master\lib;D:\KlocworkDEMO\cppcheck-master\cligcc;pathmatch.cpp.o;pathmatch.cpp;
compile;D:\KlocworkDEMO\cppcheck-master\lib;D:\KlocworkDEMO\cppcheck-master\cligcc;platform.cpp.o;platform.cpp;
compile;D:\KlocworkDEMO\cppcheck-master\lib;D:\KlocworkDEMO\cppcheck-master\cligcc;preprocessor.cpp.o;preprocessor.cpp;
compile;D:\KlocworkDEMO\cppcheck-master\lib;D:\KlocworkDEMO\cppcheck-master\cligcc;programmemory.cpp.o;programmemory.cpp;
compile;D:\KlocworkDEMO\cppcheck-master\lib;D:\KlocworkDEMO\cppcheck-master\cligcc;settings.cpp.o;settings.cpp;
compile;D:\KlocworkDEMO\cppcheck-master\lib;D:\KlocworkDEMO\cppcheck-master\cligcc;suppressions.cpp.o;suppressions.cpp;
compile;D:\KlocworkDEMO\cppcheck-master\lib;D:\KlocworkDEMO\cppcheck-master\cligcc;symboldatabase.cpp.o;symboldatabase.cpp;
compile;D:\KlocworkDEMO\cppcheck-master\lib;D:\KlocworkDEMO\cppcheck-master\cligcc;templatesimplifier.cpp.o;templatesimplifier.cpp;
compile;D:\KlocworkDEMO\cppcheck-master\lib;D:\KlocworkDEMO\cppcheck-master\cligcc;timer.cpp.o;timer.cpp;
compile;D:\KlocworkDEMO\cppcheck-master\lib;D:\KlocworkDEMO\cppcheck-master\cligcc;token.cpp.o;token.cpp;
compile;D:\KlocworkDEMO\cppcheck-master\lib;D:\KlocworkDEMO\cppcheck-master\cligcc;tokenize.cpp.o;tokenize.cpp;
compile;D:\KlocworkDEMO\cppcheck-master\lib;D:\KlocworkDEMO\cppcheck-master\cligcc;tokenlist.cpp.o;tokenlist.cpp;
compile;D:\KlocworkDEMO\cppcheck-master\lib;D:\KlocworkDEMO\cppcheck-master\cligcc;valueflow.cpp.o;valueflow.cpp;
compile;D:\KlocworkDEMO\cppcheck-master\test\cfg;D:\KlocworkDEMO\cppcheck-master\cligcc;boost.cpp.o;boost.cpp;
compile;D:\KlocworkDEMO\cppcheck-master\test\cfg;D:\KlocworkDEMO\cppcheck-master\cligcc;googletest.cpp.o;googletest.cpp;
compile;D:\KlocworkDEMO\cppcheck-master\test\cfg;D:\KlocworkDEMO\cppcheck-master\cligcc;kde.cpp.o;kde.cpp;
compile;D:\KlocworkDEMO\cppcheck-master\test\cfg;D:\KlocworkDEMO\cppcheck-master\cligcc;libsigc++.cpp.o;libsigc++.cpp;
compile;D:\KlocworkDEMO\cppcheck-master\test\cfg;D:\KlocworkDEMO\cppcheck-master\cligcc;opencv2.cpp.o;opencv2.cpp;
compile;D:\KlocworkDEMO\cppcheck-master\test\cfg;D:\KlocworkDEMO\cppcheck-master\cligcc;qt.cpp.o;qt.cpp;
compile;D:\KlocworkDEMO\cppcheck-master\test\cfg;D:\KlocworkDEMO\cppcheck-master\cligcc;std.cpp.o;std.cpp;
compile;D:\KlocworkDEMO\cppcheck-master\test\cfg;D:\KlocworkDEMO\cppcheck-master\cligcc;windows.cpp.o;windows.cpp;
compile;D:\KlocworkDEMO\cppcheck-master\test\cfg;D:\KlocworkDEMO\cppcheck-master\cligcc;wxwidgets.cpp.o;wxwidgets.cpp;
compile;D:\KlocworkDEMO\cppcheck-master\test;D:\KlocworkDEMO\cppcheck-master\cligcc;options.cpp.o;options.cpp;
compile;D:\KlocworkDEMO\cppcheck-master\test;D:\KlocworkDEMO\cppcheck-master\cligcc;test.cxx.o;test.cxx;
compile;D:\KlocworkDEMO\cppcheck-master\test;D:\KlocworkDEMO\cppcheck-master\cligcc;test64bit.cpp.o;test64bit.cpp;
compile;D:\KlocworkDEMO\cppcheck-master\test;D:\KlocworkDEMO\cppcheck-master\cligcc;testassert.cpp.o;testassert.cpp;
compile;D:\KlocworkDEMO\cppcheck-master\test;D:\KlocworkDEMO\cppcheck-master\cligcc;testastutils.cpp.o;testastutils.cpp;
compile;D:\KlocworkDEMO\cppcheck-master\test;D:\KlocworkDEMO\cppcheck-master\cligcc;testautovariables.cpp.o;testautovariables.cpp;
compile;D:\KlocworkDEMO\cppcheck-master\test;D:\KlocworkDEMO\cppcheck-master\cligcc;testbool.cpp.o;testbool.cpp;
compile;D:\KlocworkDEMO\cppcheck-master\test;D:\KlocworkDEMO\cppcheck-master\cligcc;testboost.cpp.o;testboost.cpp;
compile;D:\KlocworkDEMO\cppcheck-master\test;D:\KlocworkDEMO\cppcheck-master\cligcc;testbufferoverrun.cpp.o;testbufferoverrun.cpp;
compile;D:\KlocworkDEMO\cppcheck-master\test;D:\KlocworkDEMO\cppcheck-master\cligcc;testcharvar.cpp.o;testcharvar.cpp;
compile;D:\KlocworkDEMO\cppcheck-master\test;D:\KlocworkDEMO\cppcheck-master\cligcc;testclass.cpp.o;testclass.cpp;
compile;D:\KlocworkDEMO\cppcheck-master\test;D:\KlocworkDEMO\cppcheck-master\cligcc;testcmdlineparser.cpp.o;testcmdlineparser.cpp;
compile;D:\KlocworkDEMO\cppcheck-master\test;D:\KlocworkDEMO\cppcheck-master\cligcc;testcondition.cpp.o;testcondition.cpp;
compile;D:\KlocworkDEMO\cppcheck-master\test;D:\KlocworkDEMO\cppcheck-master\cligcc;testconstructors.cpp.o;testconstructors.cpp;
compile;D:\KlocworkDEMO\cppcheck-master\test;D:\KlocworkDEMO\cppcheck-master\cligcc;testcppcheck.cpp.o;testcppcheck.cpp;
compile;D:\KlocworkDEMO\cppcheck-master\test;D:\KlocworkDEMO\cppcheck-master\cligcc;testerrorlogger.cpp.o;testerrorlogger.cpp;
compile;D:\KlocworkDEMO\cppcheck-master\test;D:\KlocworkDEMO\cppcheck-master\cligcc;testexceptionsafety.cpp.o;testexceptionsafety.cpp;
compile;D:\KlocworkDEMO\cppcheck-master\test;D:\KlocworkDEMO\cppcheck-master\cligcc;testexprengine.cpp.o;testexprengine.cpp;
compile;D:\KlocworkDEMO\cppcheck-master\test;D:\KlocworkDEMO\cppcheck-master\cligcc;testfilelister.cpp.o;testfilelister.cpp;
compile;D:\KlocworkDEMO\cppcheck-master\test;D:\KlocworkDEMO\cppcheck-master\cligcc;testfunctions.cpp.o;testfunctions.cpp;
compile;D:\KlocworkDEMO\cppcheck-master\test;D:\KlocworkDEMO\cppcheck-master\cligcc;testgarbage.cpp.o;testgarbage.cpp;
compile;D:\KlocworkDEMO\cppcheck-master\test;D:\KlocworkDEMO\cppcheck-master\cligcc;testimportproject.cpp.o;testimportproject.cpp;
compile;D:\KlocworkDEMO\cppcheck-master\test;D:\KlocworkDEMO\cppcheck-master\cligcc;testincompletestatement.cpp.o;testincompletestatement.cpp;
compile;D:\KlocworkDEMO\cppcheck-master\test;D:\KlocworkDEMO\cppcheck-master\cligcc;testinternal.cpp.o;testinternal.cpp;
compile;D:\KlocworkDEMO\cppcheck-master\test;D:\KlocworkDEMO\cppcheck-master\cligcc;testio.cpp.o;testio.cpp;
compile;D:\KlocworkDEMO\cppcheck-master\test;D:\KlocworkDEMO\cppcheck-master\cligcc;testleakautovar.cpp.o;testleakautovar.cpp;
compile;D:\KlocworkDEMO\cppcheck-master\test;D:\KlocworkDEMO\cppcheck-master\cligcc;testlibrary.cpp.o;testlibrary.cpp;
compile;D:\KlocworkDEMO\cppcheck-master\test;D:\KlocworkDEMO\cppcheck-master\cligcc;testmathlib.cpp.o;testmathlib.cpp;
compile;D:\KlocworkDEMO\cppcheck-master\test;D:\KlocworkDEMO\cppcheck-master\cligcc;testmemleak.cpp.o;testmemleak.cpp;
compile;D:\KlocworkDEMO\cppcheck-master\test;D:\KlocworkDEMO\cppcheck-master\cligcc;testnullpointer.cpp.o;testnullpointer.cpp;
compile;D:\KlocworkDEMO\cppcheck-master\test;D:\KlocworkDEMO\cppcheck-master\cligcc;testoptions.cpp.o;testoptions.cpp;
compile;D:\KlocworkDEMO\cppcheck-master\test;D:\KlocworkDEMO\cppcheck-master\cligcc;testother.cpp.o;testother.cpp;
compile;D:\KlocworkDEMO\cppcheck-master\test;D:\KlocworkDEMO\cppcheck-master\cligcc;testpath.cpp.o;testpath.cpp;
compile;D:\KlocworkDEMO\cppcheck-master\test;D:\KlocworkDEMO\cppcheck-master\cligcc;testpathmatch.cpp.o;testpathmatch.cpp;
compile;D:\KlocworkDEMO\cppcheck-master\test;D:\KlocworkDEMO\cppcheck-master\cligcc;testplatform.cpp.o;testplatform.cpp;
compile;D:\KlocworkDEMO\cppcheck-master\test;D:\KlocworkDEMO\cppcheck-master\cligcc;testpostfixoperator.cpp.o;testpostfixoperator.cpp;
compile;D:\KlocworkDEMO\cppcheck-master\test;D:\KlocworkDEMO\cppcheck-master\cligcc;testpreprocessor.cpp.o;testpreprocessor.cpp;
compile;D:\KlocworkDEMO\cppcheck-master\test;D:\KlocworkDEMO\cppcheck-master\cligcc;testrunner.cpp.o;testrunner.cpp;
compile;D:\KlocworkDEMO\cppcheck-master\test;D:\KlocworkDEMO\cppcheck-master\cligcc;testsamples.cpp.o;testsamples.cpp;
compile;D:\KlocworkDEMO\cppcheck-master\test;D:\KlocworkDEMO\cppcheck-master\cligcc;testsimplifytemplate.cpp.o;testsimplifytemplate.cpp;
compile;D:\KlocworkDEMO\cppcheck-master\test;D:\KlocworkDEMO\cppcheck-master\cligcc;testsimplifytokens.cpp.o;testsimplifytokens.cpp;
compile;D:\KlocworkDEMO\cppcheck-master\test;D:\KlocworkDEMO\cppcheck-master\cligcc;testsimplifytypedef.cpp.o;testsimplifytypedef.cpp;
compile;D:\KlocworkDEMO\cppcheck-master\test;D:\KlocworkDEMO\cppcheck-master\cligcc;testsimplifyusing.cpp.o;testsimplifyusing.cpp;
compile;D:\KlocworkDEMO\cppcheck-master\test;D:\KlocworkDEMO\cppcheck-master\cligcc;testsizeof.cpp.o;testsizeof.cpp;
compile;D:\KlocworkDEMO\cppcheck-master\test;D:\KlocworkDEMO\cppcheck-master\cligcc;teststl.cpp.o;teststl.cpp;
compile;D:\KlocworkDEMO\cppcheck-master\test;D:\KlocworkDEMO\cppcheck-master\cligcc;teststring.cpp.o;teststring.cpp;
compile;D:\KlocworkDEMO\cppcheck-master\test;D:\KlocworkDEMO\cppcheck-master\cligcc;testsuite.cpp.o;testsuite.cpp;
compile;D:\KlocworkDEMO\cppcheck-master\test\testsuites\duma;D:\KlocworkDEMO\cppcheck-master\cligcc;leak1.cc.o;leak1.cc;
compile;D:\KlocworkDEMO\cppcheck-master\test\testsuites\duma;D:\KlocworkDEMO\cppcheck-master\cligcc;leak2.cc.o;leak2.cc;
compile;D:\KlocworkDEMO\cppcheck-master\test\testsuites\duma;D:\KlocworkDEMO\cppcheck-master\cligcc;wrong1.cc.o;wrong1.cc;
compile;D:\KlocworkDEMO\cppcheck-master\test\testsuites\duma;D:\KlocworkDEMO\cppcheck-master\cligcc;wrong2.cc.o;wrong2.cc;
compile;D:\KlocworkDEMO\cppcheck-master\test\testsuites\duma;D:\KlocworkDEMO\cppcheck-master\cligcc;wrong3.cc.o;wrong3.cc;
compile;D:\KlocworkDEMO\cppcheck-master\test\testsuites\duma;D:\KlocworkDEMO\cppcheck-master\cligcc;wrong4.cc.o;wrong4.cc;
compile;D:\KlocworkDEMO\cppcheck-master\test\testsuites\duma;D:\KlocworkDEMO\cppcheck-master\cligcc;wrong5.cc.o;wrong5.cc;
compile;D:\KlocworkDEMO\cppcheck-master\test\testsuites\duma;D:\KlocworkDEMO\cppcheck-master\cligcc;wrong6.cc.o;wrong6.cc;
compile;D:\KlocworkDEMO\cppcheck-master\test;D:\KlocworkDEMO\cppcheck-master\cligcc;testsuppressions.cpp.o;testsuppressions.cpp;
compile;D:\KlocworkDEMO\cppcheck-master\test;D:\KlocworkDEMO\cppcheck-master\cligcc;testsymboldatabase.cpp.o;testsymboldatabase.cpp;
compile;D:\KlocworkDEMO\cppcheck-master\test;D:\KlocworkDEMO\cppcheck-master\cligcc;testthreadexecutor.cpp.o;testthreadexecutor.cpp;
compile;D:\KlocworkDEMO\cppcheck-master\test;D:\KlocworkDEMO\cppcheck-master\cligcc;testtimer.cpp.o;testtimer.cpp;
compile;D:\KlocworkDEMO\cppcheck-master\test;D:\KlocworkDEMO\cppcheck-master\cligcc;testtoken.cpp.o;testtoken.cpp;
compile;D:\KlocworkDEMO\cppcheck-master\test;D:\KlocworkDEMO\cppcheck-master\cligcc;testtokenize.cpp.o;testtokenize.cpp;
compile;D:\KlocworkDEMO\cppcheck-master\test;D:\KlocworkDEMO\cppcheck-master\cligcc;testtokenlist.cpp.o;testtokenlist.cpp;
compile;D:\KlocworkDEMO\cppcheck-master\test;D:\KlocworkDEMO\cppcheck-master\cligcc;testtype.cpp.o;testtype.cpp;
compile;D:\KlocworkDEMO\cppcheck-master\test;D:\KlocworkDEMO\cppcheck-master\cligcc;testuninitvar.cpp.o;testuninitvar.cpp;
compile;D:\KlocworkDEMO\cppcheck-master\test;D:\KlocworkDEMO\cppcheck-master\cligcc;testunusedfunctions.cpp.o;testunusedfunctions.cpp;
compile;D:\KlocworkDEMO\cppcheck-master\test;D:\KlocworkDEMO\cppcheck-master\cligcc;testunusedprivfunc.cpp.o;testunusedprivfunc.cpp;
compile;D:\KlocworkDEMO\cppcheck-master\test;D:\KlocworkDEMO\cppcheck-master\cligcc;testunusedvar.cpp.o;testunusedvar.cpp;
compile;D:\KlocworkDEMO\cppcheck-master\test;D:\KlocworkDEMO\cppcheck-master\cligcc;testvaarg.cpp.o;testvaarg.cpp;
compile;D:\KlocworkDEMO\cppcheck-master\test;D:\KlocworkDEMO\cppcheck-master\cligcc;testvalueflow.cpp.o;testvalueflow.cpp;
compile;D:\KlocworkDEMO\cppcheck-master\test;D:\KlocworkDEMO\cppcheck-master\cligcc;testvarid.cpp.o;testvarid.cpp;
