version;104
config;D:\cppcheck-master\libgcc;-ID:\cppcheck-master\test;-ID:\cppcheck-master\gui;-ID:\cppcheck-master\gui\test\filelist;-ID:\cppcheck-master\externals\simplecpp;-ID:\cppcheck-master\externals\tinyxml;-ID:\cppcheck-master\gui\test\benchmark\simple;-ID:\cppcheck-master\test\cli\proj-inline-suppress;-ID:\cppcheck-master\cli;-ID:\cppcheck-master\addons\test\misra;-ID:\cppcheck-master\gui\test\xmlreportv2;-ID:\cppcheck-master\externals;-ID:\cppcheck-master\lib;-ID:\cppcheck-master\oss-fuzz;-ID:\cppcheck-master\addons\test\y2038;-ID:\cppcheck-master\tools\triage;-ID:\cppcheck-master\gui\test\translationhandler;-ID:\cppcheck-master\gui\test\projectfile;-JD:\Headfiles\Windows\Microsoft Visual Studio\Windows Kits\10\Extension SDKs\WindowsMobile\10.0.16299.0\Include\um;-JD:\Headfiles\Windows\Microsoft Visual Studio\Windows Kits\10\Include\10.0.15063.0\winrt\wrl;-JD:\Headfiles\Windows\Microsoft Visual Studio\Windows Kits\10\Include\10.0.18362.0\um\alljoyn_c;-JD:\Headfiles\Windows\Microsoft Visual Studio\VC\include\thr;-JD:\Headfiles\Windows\Microsoft Visual Studio\Windows Kits\10\Include\10.0.18362.0\shared;-JD:\Headfiles\Windows\Microsoft Visual Studio\Windows Kits\10\Include\10.0.17763.0\ucrt;-JD:\Headfiles\Windows\Microsoft Visual Studio\VC\atlmfc\src\mfcm\interfaces;-JD:\Headfiles\Windows\Microsoft Visual Studio\Windows Kits\10\Extension SDKs\WindowsMobile\10.0.15063.0\Include\WinRT;-JD:\Headfiles\Windows\Microsoft Visual Studio\VC\atlmfc\src\atl\atls;-JD:\Headfiles\Windows\Microsoft Visual Studio\VC\atlmfc\src\mfcm;-JD:\Headfiles\Windows\Microsoft Visual Studio\Windows Kits\10\Include\10.0.15063.0\um\gl;-JD:\Headfiles\Windows\Microsoft Visual Studio\Windows Kits\10\Include\10.0.17763.0\um\winsqlite;-JD:\Headfiles\Windows\Microsoft Visual Studio\Windows Kits\10\Include\10.0.15063.0\ucrt;-JD:\Headfiles\Windows\Microsoft Visual Studio\Windows Kits\10\Include\10.0.16299.0\um\winsqlite;-JD:\Headfiles\Windows\Microsoft Visual Studio\Windows Kits\10\Source\10.0.10240.0\ucrt\inc;-JD:\Headfiles\Windows\Microsoft Visual Studio\Windows Kits\10\Extension SDKs\WindowsMobile\10.0.18362.0\Include\um;-JD:\Headfiles\Windows\Microsoft Visual Studio\Windows Kits\10\Source\10.0.15063.0\ucrt\inc;-JD:\Headfiles\Windows\Microsoft Visual Studio\Windows Kits\10\Extension SDKs\WindowsIoT\10.0.16299.0\Include\winrt;-JD:\Headfiles\Windows\Microsoft Visual Studio\Windows Kits\10\Include\10.0.17763.0\cppwinrt\winrt;-JD:\Headfiles\Windows\Microsoft Visual Studio\Windows Kits\10\Include\10.0.18362.0\um\winsqlite;-JD:\Headfiles\Windows\Microsoft Visual Studio\Windows Kits\10\Include\10.0.17763.0\um\alljoyn_c;-JD:\Headfiles\Windows\Microsoft Visual Studio\Windows Kits\10\Include\10.0.18362.0\shared\ndis;-JD:\Headfiles\Windows\Microsoft Visual Studio\Windows Kits\10\Include\10.0.18362.0\winrt\wrl;-JD:\Headfiles\Windows\Microsoft Visual Studio\Windows Kits\10\Include\10.0.17763.0\shared;-JD:\Headfiles\Windows\Microsoft Visual Studio\Windows Kits\10\Include\10.0.18362.0\ucrt\sys;-JD:\Headfiles\Windows\Microsoft Visual Studio\VC\include\CodeAnalysis;-JD:\Headfiles\Windows\Microsoft Visual Studio\Windows Kits\10\Include\10.0.15063.0\um;-JD:\Headfiles\Windows\Microsoft Visual Studio\Windows Kits\10\Include\10.0.17763.0\winrt\wrl\wrappers;-JD:\Headfiles\Windows\Microsoft Visual Studio\VC\atlmfc\include;-JD:\Headfiles\Windows\Microsoft Visual Studio\VC\atlmfc\src\mfc;-JD:\Headfiles\Windows\Microsoft Visual Studio\Windows Kits\10\Extension SDKs\WindowsMobile\10.0.17763.0\Include\um;-JD:\Headfiles\Windows\Microsoft Visual Studio\Windows Kits\10\Include\10.0.15063.0\winrt\wrl\wrappers;-JD:\Headfiles\Windows\Microsoft Visual Studio\Windows Kits\10\Include\10.0.17763.0\winrt\wrl;-JD:\Headfiles\Windows\Microsoft Visual Studio\Windows Kits\10\Include\10.0.17763.0\um;-JD:\Headfiles\Windows\Microsoft Visual Studio\Windows Kits\10\Include\10.0.16299.0\winrt;-JD:\Headfiles\Windows\Microsoft Visual Studio\VC\include;-JD:\Headfiles\Windows\Microsoft Visual Studio\VC\include\msclr\com;-JD:\Headfiles\Windows\Microsoft Visual Studio\Windows Kits\10\Include\10.0.15063.0\um\qcc\windows;-JD:\Headfiles\Windows\Microsoft Visual Studio\Windows Kits\10\Extension SDKs\WindowsMobile\10.0.18362.0\Include\WinRT;-JD:\Headfiles\Windows\Microsoft Visual Studio\Windows Kits\10\Include\10.0.18362.0\um\gl;-JD:\Headfiles\Windows\Microsoft Visual Studio\Windows Kits\10\Include\10.0.16299.0\winrt\wrl;-JD:\Headfiles\Windows\Microsoft Visual Studio\Windows Kits\10\Extension SDKs\WindowsIoT\10.0.15063.0\Include\winrt;-JD:\Headfiles\Windows\Microsoft Visual Studio\Windows Kits\10\Include\10.0.16299.0\um\qcc\windows;-JD:\Headfiles\Windows\Microsoft Visual Studio\Windows Kits\10\Include\10.0.18362.0\cppwinrt\winrt\impl;-JD:\Headfiles\Windows\Microsoft Visual Studio\Windows Kits\10\Include\10.0.15063.0\um\qcc;-JD:\Headfiles\Windows\Microsoft Visual Studio\Windows Kits\10\Include\10.0.18362.0\shared\netcx\shared\1.0\net;-JD:\Headfiles\Windows\Microsoft Visual Studio\Windows Kits\10\Extension SDKs\WindowsMobile\10.0.15063.0\Include\um;-JD:\Headfiles\Windows\Microsoft Visual Studio\Windows Kits\10\Include\10.0.18362.0\ucrt;-JD:\Headfiles\Windows\Microsoft Visual Studio\Windows Kits\10\Include\10.0.16299.0\um\qcc;-JD:\Headfiles\Windows\Microsoft Visual Studio\VC\crt\src\vcruntime;-JD:\Headfiles\Windows\Microsoft Visual Studio\Windows Kits\10\Include\10.0.18362.0\um\qcc\windows;-JD:\Headfiles\Windows\Microsoft Visual Studio\Windows Kits\10\Include\10.0.16299.0\shared;-JD:\Headfiles\Windows\Microsoft Visual Studio\Windows Kits\10\Include\10.0.18362.0\um\qcc;-JD:\Headfiles\Windows\Microsoft Visual Studio\Windows Kits\10\Include\10.0.10240.0\ucrt\sys;-JD:\Headfiles\Windows\Microsoft Visual Studio\Windows Kits\10\Include\10.0.16299.0\ucrt\sys;-JD:\Headfiles\Windows\Microsoft Visual Studio\Windows Kits\10\Include\10.0.16299.0\um;-JD:\Headfiles\Windows\Microsoft Visual Studio\Windows Kits\10\Include\10.0.17763.0\winrt;-JD:\Headfiles\Windows\Microsoft Visual Studio\Windows Kits\10\Include\10.0.17763.0\um\qcc;-JD:\Headfiles\Windows\Microsoft Visual Studio\Windows Kits\10\Include\10.0.18362.0\winrt\wrl\wrappers;-JD:\Headfiles\Windows\Microsoft Visual Studio\Windows Kits\10\Include\10.0.16299.0\um\gl;-JD:\Headfiles\Windows\Microsoft Visual Studio\Windows Kits\NETFXSDK\4.8\Include\um;-JD:\Headfiles\Windows\Microsoft Visual Studio\Windows Kits\10\Source\10.0.18362.0\ucrt\inc;-JD:\Headfiles\Windows\Microsoft Visual Studio\VC\crt\src\concrt;-JD:\Headfiles\Windows\Microsoft Visual Studio\VC\crt\src\stl;-JD:\Headfiles\Windows\Microsoft Visual Studio\Windows Kits\10\Include\10.0.15063.0\ucrt\sys;-JD:\Headfiles\Windows\Microsoft Visual Studio\Windows Kits\10\Include\10.0.17763.0\um\gl;-JD:\Headfiles\Windows\Microsoft Visual Studio\Windows Kits\10\Include\10.0.15063.0\shared;-JD:\Headfiles\Windows\Microsoft Visual Studio\Windows Kits\10\Include\10.0.18362.0\um;-JD:\Headfiles\Windows\Microsoft Visual Studio\Windows Kits\10\Include\10.0.18362.0\winrt;-JD:\Headfiles\Windows\Microsoft Visual Studio\Windows Kits\10\Source\10.0.16299.0\ucrt\inc;-JD:\Headfiles\Windows\Microsoft Visual Studio\Windows Kits\10\Include\10.0.10240.0\ucrt;-JD:\Headfiles\Windows\Microsoft Visual Studio\Windows Kits\10\Include\10.0.17763.0\cppwinrt\winrt\impl;-JD:\Headfiles\Windows\Microsoft Visual Studio\Windows Kits\10\Include\10.0.16299.0\ucrt;-JD:\Headfiles\Windows\Microsoft Visual Studio\Windows Kits\10\Include\10.0.15063.0\um\alljoyn_c;-JD:\Headfiles\Windows\Microsoft Visual Studio\Windows Kits\10\Extension SDKs\WindowsMobile\10.0.17763.0\Include\WinRT;-JD:\Headfiles\Windows\Microsoft Visual Studio\Windows Kits\10\Include\10.0.16299.0\um\alljoyn_c;-JD:\Headfiles\Windows\Microsoft Visual Studio\Windows Kits\10\Include\10.0.18362.0\cppwinrt\winrt;-JD:\Headfiles\Windows\Microsoft Visual Studio\Windows Kits\10\Include\10.0.17763.0\um\qcc\windows;-JD:\Headfiles\Windows\Microsoft Visual Studio\Windows Kits\10\Include\10.0.15063.0\um\winsqlite;-JD:\Headfiles\Windows\Microsoft Visual Studio\VC\include\msclr;-JD:\Headfiles\Windows\Microsoft Visual Studio\Windows Kits\10\Include\10.0.17763.0\ucrt\sys;-JD:\Headfiles\Windows\Microsoft Visual Studio\Windows Kits\10\Include\10.0.15063.0\winrt;-JD:\Headfiles\Windows\Microsoft Visual Studio\Windows Kits\10\Source\10.0.17763.0\ucrt\inc;-JD:\Headfiles\Windows\Microsoft Visual Studio\Windows Kits\10\Extension SDKs\WindowsMobile\10.0.16299.0\Include\WinRT;-JD:\Headfiles\Windows\Microsoft Visual Studio\Windows Kits\10\Include\10.0.16299.0\winrt\wrl\wrappers;
compile;D:\cppcheck-master\lib;D:\cppcheck-master\libgcc;analyzerinfo.cpp.o;analyzerinfo.cpp;
compile;D:\cppcheck-master\lib;D:\cppcheck-master\libgcc;astutils.cpp.o;astutils.cpp;
compile;D:\cppcheck-master\lib;D:\cppcheck-master\libgcc;check.cpp.o;check.cpp;
compile;D:\cppcheck-master\lib;D:\cppcheck-master\libgcc;check64bit.cpp.o;check64bit.cpp;
compile;D:\cppcheck-master\lib;D:\cppcheck-master\libgcc;checkassert.cpp.o;checkassert.cpp;
compile;D:\cppcheck-master\lib;D:\cppcheck-master\libgcc;checkautovariables.cpp.o;checkautovariables.cpp;
compile;D:\cppcheck-master\lib;D:\cppcheck-master\libgcc;checkbool.cpp.o;checkbool.cpp;
compile;D:\cppcheck-master\lib;D:\cppcheck-master\libgcc;checkboost.cpp.o;checkboost.cpp;
compile;D:\cppcheck-master\lib;D:\cppcheck-master\libgcc;checkbufferoverrun.cpp.o;checkbufferoverrun.cpp;
compile;D:\cppcheck-master\lib;D:\cppcheck-master\libgcc;checkclass.cpp.o;checkclass.cpp;
compile;D:\cppcheck-master\lib;D:\cppcheck-master\libgcc;checkcondition.cpp.o;checkcondition.cpp;
compile;D:\cppcheck-master\lib;D:\cppcheck-master\libgcc;checkexceptionsafety.cpp.o;checkexceptionsafety.cpp;
compile;D:\cppcheck-master\lib;D:\cppcheck-master\libgcc;checkfunctions.cpp.o;checkfunctions.cpp;
compile;D:\cppcheck-master\lib;D:\cppcheck-master\libgcc;checkinternal.cpp.o;checkinternal.cpp;
compile;D:\cppcheck-master\lib;D:\cppcheck-master\libgcc;checkio.cpp.o;checkio.cpp;
compile;D:\cppcheck-master\lib;D:\cppcheck-master\libgcc;checkleakautovar.cpp.o;checkleakautovar.cpp;
compile;D:\cppcheck-master\lib;D:\cppcheck-master\libgcc;checkmemoryleak.cpp.o;checkmemoryleak.cpp;
compile;D:\cppcheck-master\lib;D:\cppcheck-master\libgcc;checknullpointer.cpp.o;checknullpointer.cpp;
compile;D:\cppcheck-master\lib;D:\cppcheck-master\libgcc;checkother.cpp.o;checkother.cpp;
compile;D:\cppcheck-master\lib;D:\cppcheck-master\libgcc;checkpostfixoperator.cpp.o;checkpostfixoperator.cpp;
compile;D:\cppcheck-master\lib;D:\cppcheck-master\libgcc;checksizeof.cpp.o;checksizeof.cpp;
compile;D:\cppcheck-master\lib;D:\cppcheck-master\libgcc;checkstl.cpp.o;checkstl.cpp;
compile;D:\cppcheck-master\lib;D:\cppcheck-master\libgcc;checkstring.cpp.o;checkstring.cpp;
compile;D:\cppcheck-master\lib;D:\cppcheck-master\libgcc;checktype.cpp.o;checktype.cpp;
compile;D:\cppcheck-master\lib;D:\cppcheck-master\libgcc;checkuninitvar.cpp.o;checkuninitvar.cpp;
compile;D:\cppcheck-master\lib;D:\cppcheck-master\libgcc;checkunusedfunctions.cpp.o;checkunusedfunctions.cpp;
compile;D:\cppcheck-master\lib;D:\cppcheck-master\libgcc;checkunusedvar.cpp.o;checkunusedvar.cpp;
compile;D:\cppcheck-master\lib;D:\cppcheck-master\libgcc;checkvaarg.cpp.o;checkvaarg.cpp;
compile;D:\cppcheck-master\lib;D:\cppcheck-master\libgcc;cppcheck.cpp.o;cppcheck.cpp;
compile;D:\cppcheck-master\lib;D:\cppcheck-master\libgcc;ctu.cpp.o;ctu.cpp;
compile;D:\cppcheck-master\lib;D:\cppcheck-master\libgcc;errorlogger.cpp.o;errorlogger.cpp;
compile;D:\cppcheck-master\lib;D:\cppcheck-master\libgcc;exprengine.cpp.o;exprengine.cpp;
compile;D:\cppcheck-master\lib;D:\cppcheck-master\libgcc;importproject.cpp.o;importproject.cpp;
compile;D:\cppcheck-master\lib;D:\cppcheck-master\libgcc;library.cpp.o;library.cpp;
compile;D:\cppcheck-master\lib;D:\cppcheck-master\libgcc;mathlib.cpp.o;mathlib.cpp;
compile;D:\cppcheck-master\lib;D:\cppcheck-master\libgcc;path.cpp.o;path.cpp;
compile;D:\cppcheck-master\lib;D:\cppcheck-master\libgcc;pathanalysis.cpp.o;pathanalysis.cpp;
compile;D:\cppcheck-master\lib;D:\cppcheck-master\libgcc;pathmatch.cpp.o;pathmatch.cpp;
compile;D:\cppcheck-master\lib;D:\cppcheck-master\libgcc;platform.cpp.o;platform.cpp;
compile;D:\cppcheck-master\lib;D:\cppcheck-master\libgcc;preprocessor.cpp.o;preprocessor.cpp;
compile;D:\cppcheck-master\lib;D:\cppcheck-master\libgcc;programmemory.cpp.o;programmemory.cpp;
compile;D:\cppcheck-master\lib;D:\cppcheck-master\libgcc;settings.cpp.o;settings.cpp;
compile;D:\cppcheck-master\lib;D:\cppcheck-master\libgcc;suppressions.cpp.o;suppressions.cpp;
compile;D:\cppcheck-master\lib;D:\cppcheck-master\libgcc;symboldatabase.cpp.o;symboldatabase.cpp;
compile;D:\cppcheck-master\lib;D:\cppcheck-master\libgcc;templatesimplifier.cpp.o;templatesimplifier.cpp;
compile;D:\cppcheck-master\lib;D:\cppcheck-master\libgcc;timer.cpp.o;timer.cpp;
compile;D:\cppcheck-master\lib;D:\cppcheck-master\libgcc;token.cpp.o;token.cpp;
compile;D:\cppcheck-master\lib;D:\cppcheck-master\libgcc;tokenize.cpp.o;tokenize.cpp;
compile;D:\cppcheck-master\lib;D:\cppcheck-master\libgcc;tokenlist.cpp.o;tokenlist.cpp;
compile;D:\cppcheck-master\lib;D:\cppcheck-master\libgcc;valueflow.cpp.o;valueflow.cpp;
compile;D:\cppcheck-master\cli\cmdlineparser.cpp;D:\cppcheck-master\libgcc;cmdlineparser.cpp.o;cmdlineparser.cpp;
compile;D:\cppcheck-master\cli\cppcheckexecutor.cpp;D:\cppcheck-master\libgcc;cppcheckexecutor.cpp.o;cppcheckexecutor.cpp;
compile;D:\cppcheck-master\cli\threadexecutor.cpp;D:\cppcheck-master\libgcc;threadexecutor.cpp.o;threadexecutor.cpp;
